\BOOKMARK [1][-]{section.1}{\376\377\137\025\212\000}{}% 1
\BOOKMARK [1][-]{section.2}{\376\377\133\146\116\140\150\106\147\266\116\016\117\030\121\110\176\247}{}% 2
\BOOKMARK [2][-]{subsection.2.1}{\376\377\142\200\147\057\150\010\117\030\121\110\176\247\213\304\117\060}{section.2}% 3
\BOOKMARK [3][-]{subsubsection.2.1.1}{\376\377\232\330\117\030\121\110\176\247\377\010\137\305\230\173\143\214\143\341\377\011}{subsection.2.1}% 4
\BOOKMARK [3][-]{subsubsection.2.1.2}{\376\377\116\055\117\030\121\110\176\247\377\010\221\315\211\201\377\011}{subsection.2.1}% 5
\BOOKMARK [3][-]{subsubsection.2.1.3}{\376\377\117\116\117\030\121\110\176\247\377\010\123\357\220\011\377\011}{subsection.2.1}% 6
\BOOKMARK [2][-]{subsection.2.2}{\376\377\133\146\116\140\124\150\147\037\211\304\122\022}{section.2}% 7
\BOOKMARK [1][-]{section.3}{\376\377\173\054\116\000\226\066\153\265\377\032\155\361\136\246\133\146\116\140\127\372\170\100}{}% 8
\BOOKMARK [2][-]{subsection.3.1}{\376\377\000P\000y\000T\000o\000r\000c\000h\137\040\221\317\144\315\117\134}{section.3}% 9
\BOOKMARK [3][-]{subsubsection.3.1.1}{\376\377\133\146\116\140\121\205\133\271}{subsection.3.1}% 10
\BOOKMARK [3][-]{subsubsection.3.1.2}{\376\377\133\236\215\365\217\223\121\372}{subsection.3.1}% 11
\BOOKMARK [2][-]{subsection.3.2}{\376\377\201\352\122\250\154\102\133\374\147\072\122\066}{section.3}% 12
\BOOKMARK [3][-]{subsubsection.3.2.1}{\376\377\133\146\116\140\121\205\133\271}{subsection.3.2}% 13
\BOOKMARK [3][-]{subsubsection.3.2.2}{\376\377\133\236\215\365\217\223\121\372}{subsection.3.2}% 14
\BOOKMARK [2][-]{subsection.3.3}{\376\377\171\136\176\317\177\121\176\334\147\204\136\372}{section.3}% 15
\BOOKMARK [3][-]{subsubsection.3.3.1}{\376\377\133\146\116\140\121\205\133\271}{subsection.3.3}% 16
\BOOKMARK [3][-]{subsubsection.3.3.2}{\376\377\133\236\215\365\217\223\121\372}{subsection.3.3}% 17
\BOOKMARK [2][-]{subsection.3.4}{\376\377\000V\000L\000A\152\041\127\213\133\236\163\260}{section.3}% 18
\BOOKMARK [3][-]{subsubsection.3.4.1}{\376\377\211\306\211\311\177\026\170\001\126\150}{subsection.3.4}% 19
\BOOKMARK [3][-]{subsubsection.3.4.2}{\376\377\133\236\215\365\217\223\121\372}{subsection.3.4}% 20
\BOOKMARK [3][-]{subsubsection.3.4.3}{\376\377\213\355\212\000\177\026\170\001\126\150}{subsection.3.4}% 21
\BOOKMARK [3][-]{subsubsection.3.4.4}{\376\377\133\236\215\365\217\223\121\372}{subsection.3.4}% 22
\BOOKMARK [3][-]{subsubsection.3.4.5}{\376\377\133\214\145\164\000V\000L\000A\152\041\127\213}{subsection.3.4}% 23
\BOOKMARK [3][-]{subsubsection.3.4.6}{\376\377\213\255\176\303\137\252\163\257}{subsection.3.4}% 24
\BOOKMARK [3][-]{subsubsection.3.4.7}{\376\377\133\236\215\365\217\223\121\372}{subsection.3.4}% 25
\BOOKMARK [1][-]{section.4}{\376\377\173\054\116\214\226\066\153\265\377\032\000R\000O\000S\147\072\126\150\116\272\143\247\122\066}{}% 26
\BOOKMARK [2][-]{subsection.4.1}{\376\377\000R\000O\000S\127\372\170\100\151\202\137\365}{section.4}% 27
\BOOKMARK [2][-]{subsection.4.2}{\376\377\000P\000y\000t\000h\000o\000n\000\040\000R\000O\000S\177\026\172\013}{section.4}% 28
\BOOKMARK [3][-]{subsubsection.4.2.1}{\376\377\000V\000L\000A\000\040\000R\000O\000S\202\202\160\271\213\276\213\241}{subsection.4.2}% 29
\BOOKMARK [2][-]{subsection.4.3}{\376\377\000M\000o\000v\000e\000I\000t\000!\147\072\150\260\201\302\143\247\122\066}{section.4}% 30
\BOOKMARK [3][-]{subsubsection.4.3.1}{\376\377\127\372\170\100\124\175\116\344}{subsection.4.3}% 31
\BOOKMARK [3][-]{subsubsection.4.3.2}{\376\377\000P\000y\000t\000h\000o\000n\143\247\122\066}{subsection.4.3}% 32
\BOOKMARK [1][-]{section.5}{\376\377\173\054\116\011\226\066\153\265\377\032\213\241\173\227\147\072\211\306\211\311}{}% 33
\BOOKMARK [2][-]{subsection.5.1}{\376\377\000O\000p\000e\000n\000C\000V\126\376\120\317\131\004\164\006}{section.5}% 34
\BOOKMARK [3][-]{subsubsection.5.1.1}{\376\377\127\372\170\100\144\315\117\134}{subsection.5.1}% 35
\BOOKMARK [3][-]{subsubsection.5.1.2}{\376\377\133\236\215\365\217\223\121\372}{subsection.5.1}% 36
\BOOKMARK [2][-]{subsection.5.2}{\376\377\162\151\117\123\150\300\155\113}{section.5}% 37
\BOOKMARK [3][-]{subsubsection.5.2.1}{\376\377\000Y\000O\000L\000O\152\041\127\213\133\236\163\260}{subsection.5.2}% 38
\BOOKMARK [2][-]{subsection.5.3}{\376\377\142\113\122\277\213\306\122\053}{section.5}% 39
\BOOKMARK [3][-]{subsubsection.5.3.1}{\376\377\000M\000e\000d\000i\000a\000P\000i\000p\000e\133\236\163\260}{subsection.5.3}% 40
\BOOKMARK [1][-]{section.6}{\376\377\173\054\126\333\226\066\153\265\377\032\201\352\161\066\213\355\212\000\131\004\164\006}{}% 41
\BOOKMARK [2][-]{subsection.6.1}{\376\377\122\250\117\134\172\172\225\364\171\273\145\143\123\026}{section.6}% 42
\BOOKMARK [3][-]{subsubsection.6.1.1}{\376\377\133\236\215\365\217\223\121\372}{subsection.6.1}% 43
\BOOKMARK [1][-]{section.7}{\376\377\173\054\116\224\226\066\153\265\377\032\137\072\123\026\133\146\116\140}{}% 44
\BOOKMARK [2][-]{subsection.7.1}{\376\377\210\114\116\072\121\113\226\206}{section.7}% 45
\BOOKMARK [3][-]{subsubsection.7.1.1}{\376\377\173\227\154\325\133\236\163\260}{subsection.7.1}% 46
\BOOKMARK [2][-]{subsection.7.2}{\376\377\000Q\000-\000l\000e\000a\000r\000n\000i\000n\000g}{section.7}% 47
\BOOKMARK [3][-]{subsubsection.7.2.1}{\376\377\173\227\154\325\133\236\163\260}{subsection.7.2}% 48
\BOOKMARK [3][-]{subsubsection.7.2.2}{\376\377\133\236\215\365\217\223\121\372}{subsection.7.2}% 49
\BOOKMARK [2][-]{subsection.7.3}{\376\377\000D\000Q\000N}{section.7}% 50
\BOOKMARK [3][-]{subsubsection.7.3.1}{\376\377\173\227\154\325\133\236\163\260}{subsection.7.3}% 51
\BOOKMARK [3][-]{subsubsection.7.3.2}{\376\377\133\236\215\365\217\223\121\372}{subsection.7.3}% 52
\BOOKMARK [1][-]{section.8}{\376\377\173\054\121\155\226\066\153\265\377\032\230\171\166\356\133\236\215\365}{}% 53
\BOOKMARK [2][-]{subsection.8.1}{\376\377\173\200\123\026\162\110\000V\000L\000A\133\236\163\260}{section.8}% 54
\BOOKMARK [3][-]{subsubsection.8.1.1}{\376\377\145\160\143\156\121\306\131\007}{subsection.8.1}% 55
\BOOKMARK [3][-]{subsubsection.8.1.2}{\376\377\133\236\215\365\217\223\121\372}{subsection.8.1}% 56
\BOOKMARK [3][-]{subsubsection.8.1.3}{\376\377\133\214\145\164\213\255\176\303\155\101\172\013}{subsection.8.1}% 57
\BOOKMARK [3][-]{subsubsection.8.1.4}{\376\377\155\113\213\325\155\101\172\013}{subsection.8.1}% 58
