\BOOKMARK [1][-]{section.1}{\376\377\137\025\212\000}{}% 1
\BOOKMARK [1][-]{section.2}{\376\377\000V\000L\000A\127\372\170\100\147\266\147\204}{}% 2
\BOOKMARK [2][-]{subsection.2.1}{\376\377\000R\000T\000-\0001\377\032\231\226\116\052\131\047\211\304\152\041\167\037\133\236\116\026\165\114\145\160\143\156\226\306}{section.2}% 3
\BOOKMARK [2][-]{subsection.2.2}{\376\377\000R\000T\000-\0002\377\032\122\250\117\134\117\134\116\072\145\207\147\054\116\344\162\114}{section.2}% 4
\BOOKMARK [2][-]{subsection.2.3}{\376\377\000P\000a\000L\000M\000-\000E\377\032\215\205\131\047\211\304\152\041\121\167\216\253\131\032\152\041\140\001\152\041\127\213}{section.2}% 5
\BOOKMARK [1][-]{section.3}{\376\377\000V\000L\000A\142\200\147\057\155\361\123\026}{}% 6
\BOOKMARK [2][-]{subsection.3.1}{\376\377\000R\000T\000-\000X\377\032\215\350\121\167\216\253\133\146\116\140}{section.3}% 7
\BOOKMARK [2][-]{subsection.3.2}{\376\377\000O\000p\000e\000n\000V\000L\000A\377\032\137\000\156\220\000V\000L\000A\165\037\140\001}{section.3}% 8
\BOOKMARK [2][-]{subsection.3.3}{\376\377\000R\000D\000T\000-\0001\000B\377\032\142\151\145\143\152\041\127\213\127\050\147\072\126\150\116\272\143\247\122\066\116\055\166\204\136\224\165\050}{section.3}% 9
\BOOKMARK [2][-]{subsection.3.4}{\376\377\000P\000i\000\137\0000\377\032\155\101\123\071\221\115\147\266\147\204}{section.3}% 10
\BOOKMARK [2][-]{subsection.3.5}{\376\377\000R\000T\000-\000H\377\032\213\355\212\000\122\250\117\134\134\102\153\041}{section.3}% 11
\BOOKMARK [1][-]{section.4}{\376\377\000V\000L\000A\122\115\154\277\172\201\170\064}{}% 12
\BOOKMARK [2][-]{subsection.4.1}{\376\377\000A\000T\000M\377\032\116\373\141\017\160\271\217\150\217\371\136\372\152\041}{section.4}% 13
\BOOKMARK [2][-]{subsection.4.2}{\376\377\000D\000e\000c\000i\000s\000i\000o\000n\000N\000C\000E\377\032\226\220\137\017\120\117\131\175\133\146\116\140}{section.4}% 14
\BOOKMARK [2][-]{subsection.4.3}{\376\377\000C\000o\000n\000R\000F\000T\377\032\137\072\123\026\133\146\116\140\137\256\214\003}{section.4}% 15
\BOOKMARK [2][-]{subsection.4.4}{\376\377\000G\000e\000m\000i\000n\000i\000\040\000R\000o\000b\000o\000t\000i\000c\000s\377\032\127\372\116\216\000G\000e\000m\000i\000n\000i\000\040\0002\000.\0000\166\204\000V\000L\000A\152\041\127\213}{section.4}% 16
\BOOKMARK [2][-]{subsection.4.5}{\376\377\000F\000i\000S\000-\000V\000L\000A\377\032\137\353\141\142\123\314\174\373\176\337\147\266\147\204}{section.4}% 17
\BOOKMARK [2][-]{subsection.4.6}{\376\377\000R\000D\000T\0002\377\032\000U\000M\000I\145\160\143\156\142\151\134\125\116\016\215\350\121\167\216\253\154\333\123\026}{section.4}% 18
\BOOKMARK [2][-]{subsection.4.7}{\376\377\000H\000o\000l\000o\000B\000r\000a\000i\000n\000-\0000\377\032\121\167\216\253\121\110\232\214\154\350\121\145}{section.4}% 19
\BOOKMARK [2][-]{subsection.4.8}{\376\377\000i\000R\000e\000-\000V\000L\000A\377\032\172\063\133\232\137\072\123\026\133\146\116\140\137\256\214\003}{section.4}% 20
\BOOKMARK [1][-]{section.5}{\376\377\142\200\147\057\133\371\153\324\116\016\122\006\147\220}{}% 21
\BOOKMARK [2][-]{subsection.5.1}{\376\377\152\041\127\213\147\266\147\204\133\371\153\324}{section.5}% 22
\BOOKMARK [2][-]{subsection.5.2}{\376\377\213\255\176\303\145\271\154\325\133\371\153\324}{section.5}% 23
\BOOKMARK [2][-]{subsection.5.3}{\376\377\140\047\200\375\133\371\153\324}{section.5}% 24
\BOOKMARK [1][-]{section.6}{\376\377\136\224\165\050\127\072\146\157}{}% 25
\BOOKMARK [2][-]{subsection.6.1}{\376\377\133\266\136\255\147\015\122\241\147\072\126\150\116\272}{section.6}% 26
\BOOKMARK [2][-]{subsection.6.2}{\376\377\135\345\116\032\217\205\122\251\147\072\126\150\116\272}{section.6}% 27
\BOOKMARK [2][-]{subsection.6.3}{\376\377\146\172\200\375\133\374\211\310\147\072\126\150\116\272}{section.6}% 28
\BOOKMARK [2][-]{subsection.6.4}{\376\377\145\131\200\262\134\125\171\072\147\072\126\150\116\272}{section.6}% 29
\BOOKMARK [2][-]{subsection.6.5}{\376\377\123\073\165\227\217\205\122\251\147\072\126\150\116\272}{section.6}% 30
\BOOKMARK [1][-]{section.7}{\376\377\143\021\142\030\116\016\147\052\147\145\145\271\124\021}{}% 31
\BOOKMARK [2][-]{subsection.7.1}{\376\377\137\123\122\115\143\021\142\030}{section.7}% 32
\BOOKMARK [2][-]{subsection.7.2}{\376\377\147\052\147\145\145\271\124\021}{section.7}% 33
\BOOKMARK [1][-]{section.8}{\376\377\176\323\213\272}{}% 34
